{"type":"server-started","port":64270,"host":"127.0.0.1","url_host":"localhost","url":"http://localhost:64270","screen_dir":"/Users/nozaki/Desktop/CEO/OtaSanpot/home_nurse/.superpowers/brainstorm/82202-1777472841/content","state_dir":"/Users/nozaki/Desktop/CEO/OtaSanpot/home_nurse/.superpowers/brainstorm/82202-1777472841/state"}
{"type":"screen-added","file":"/Users/nozaki/Desktop/CEO/OtaSanpot/home_nurse/.superpowers/brainstorm/82202-1777472841/content/top-layout.html"}
{"type":"screen-updated","file":"/Users/nozaki/Desktop/CEO/OtaSanpot/home_nurse/.superpowers/brainstorm/82202-1777472841/content/top-layout.html"}
{"type":"screen-updated","file":"/Users/nozaki/Desktop/CEO/OtaSanpot/home_nurse/.superpowers/brainstorm/82202-1777472841/content/top-layout.html"}
{"type":"screen-added","file":"/Users/nozaki/Desktop/CEO/OtaSanpot/home_nurse/.superpowers/brainstorm/82202-1777472841/content/color-scheme.html"}
{"type":"screen-updated","file":"/Users/nozaki/Desktop/CEO/OtaSanpot/home_nurse/.superpowers/brainstorm/82202-1777472841/content/color-scheme.html"}
{"type":"screen-updated","file":"/Users/nozaki/Desktop/CEO/OtaSanpot/home_nurse/.superpowers/brainstorm/82202-1777472841/content/color-scheme.html"}
{"type":"screen-added","file":"/Users/nozaki/Desktop/CEO/OtaSanpot/home_nurse/.superpowers/brainstorm/82202-1777472841/content/color-muted.html"}
{"type":"screen-updated","file":"/Users/nozaki/Desktop/CEO/OtaSanpot/home_nurse/.superpowers/brainstorm/82202-1777472841/content/color-muted.html"}
{"type":"screen-updated","file":"/Users/nozaki/Desktop/CEO/OtaSanpot/home_nurse/.superpowers/brainstorm/82202-1777472841/content/color-muted.html"}
{"type":"screen-added","file":"/Users/nozaki/Desktop/CEO/OtaSanpot/home_nurse/.superpowers/brainstorm/82202-1777472841/content/article-layout.html"}
{"type":"screen-updated","file":"/Users/nozaki/Desktop/CEO/OtaSanpot/home_nurse/.superpowers/brainstorm/82202-1777472841/content/article-layout.html"}
{"type":"screen-updated","file":"/Users/nozaki/Desktop/CEO/OtaSanpot/home_nurse/.superpowers/brainstorm/82202-1777472841/content/article-layout.html"}
{"type":"screen-added","file":"/Users/nozaki/Desktop/CEO/OtaSanpot/home_nurse/.superpowers/brainstorm/82202-1777472841/content/waiting-2.html"}
{"type":"screen-updated","file":"/Users/nozaki/Desktop/CEO/OtaSanpot/home_nurse/.superpowers/brainstorm/82202-1777472841/content/waiting-2.html"}
{"type":"screen-updated","file":"/Users/nozaki/Desktop/CEO/OtaSanpot/home_nurse/.superpowers/brainstorm/82202-1777472841/content/waiting-2.html"}
{"type":"screen-updated","file":"/Users/nozaki/Desktop/CEO/OtaSanpot/home_nurse/.superpowers/brainstorm/82202-1777472841/content/color-scheme.html"}
{"type":"screen-updated","file":"/Users/nozaki/Desktop/CEO/OtaSanpot/home_nurse/.superpowers/brainstorm/82202-1777472841/content/color-muted.html"}
{"type":"screen-updated","file":"/Users/nozaki/Desktop/CEO/OtaSanpot/home_nurse/.superpowers/brainstorm/82202-1777472841/content/waiting-2.html"}
{"type":"screen-updated","file":"/Users/nozaki/Desktop/CEO/OtaSanpot/home_nurse/.superpowers/brainstorm/82202-1777472841/content/article-layout.html"}
{"type":"screen-updated","file":"/Users/nozaki/Desktop/CEO/OtaSanpot/home_nurse/.superpowers/brainstorm/82202-1777472841/content/top-layout.html"}
